<?xml version="1.0" encoding="UTF-8"?>
<!-- Generated by org.testng.reporters.JUnitReportReporter -->
<testsuite skipped="0" hostname="DESKTOP-K0CLN9C" name="com.digiCRMTest.autoqa.testcases.ContactsPageTest" tests="4" failures="0" timestamp="20 Dec 2019 15:47:51 GMT" time="45.884" errors="0">
  <testcase name="contactsPageTitleTest" time="9.332" classname="com.digiCRMTest.autoqa.testcases.ContactsPageTest"/>
  <testcase name="createNewContactTest" time="12.018" classname="com.digiCRMTest.autoqa.testcases.ContactsPageTest"/>
  <testcase name="createNewContactTest" time="12.509" classname="com.digiCRMTest.autoqa.testcases.ContactsPageTest"/>
  <testcase name="createNewContactTest" time="12.025" classname="com.digiCRMTest.autoqa.testcases.ContactsPageTest"/>
</testsuite> <!-- com.digiCRMTest.autoqa.testcases.ContactsPageTest -->
