<?xml version="1.0" encoding="UTF-8"?>
<!-- Generated by org.testng.reporters.JUnitReportReporter -->
<testsuite skipped="0" hostname="DESKTOP-K0CLN9C" name="com.digiCRMTest.autoqa.testcases.PasswordResetPageTest" tests="1" failures="0" timestamp="20 Dec 2019 15:47:51 GMT" time="9.459" errors="0">
  <testcase name="resetPasswordTest" time="9.459" classname="com.digiCRMTest.autoqa.testcases.PasswordResetPageTest"/>
</testsuite> <!-- com.digiCRMTest.autoqa.testcases.PasswordResetPageTest -->
