<?xml version="1.0" encoding="UTF-8"?>
<!-- Generated by org.testng.reporters.JUnitReportReporter -->
<testsuite skipped="0" hostname="DESKTOP-K0CLN9C" name="com.digiCRMTest.autoqa.testcases.HomePageTest" tests="2" failures="0" timestamp="07 Jan 2020 06:45:29 GMT" time="16.816" errors="0">
  <testcase name="homePageTitleTest" time="7.586" classname="com.digiCRMTest.autoqa.testcases.HomePageTest"/>
  <testcase name="LoginButtonTest" time="9.230" classname="com.digiCRMTest.autoqa.testcases.HomePageTest"/>
</testsuite> <!-- com.digiCRMTest.autoqa.testcases.HomePageTest -->
