<?xml version="1.0" encoding="UTF-8"?>
<!-- Generated by org.testng.reporters.JUnitReportReporter -->
<testsuite skipped="0" hostname="DESKTOP-K0CLN9C" name="com.digiCRMTest.autoqa.testcases.UserLandingPageTest" tests="4" failures="0" timestamp="20 Dec 2019 15:47:51 GMT" time="36.408" errors="0">
  <testcase name="userLandingPageTitleTest" time="8.228" classname="com.digiCRMTest.autoqa.testcases.UserLandingPageTest"/>
  <testcase name="userNameTest" time="8.859" classname="com.digiCRMTest.autoqa.testcases.UserLandingPageTest"/>
  <testcase name="dealLinkTest" time="9.399" classname="com.digiCRMTest.autoqa.testcases.UserLandingPageTest"/>
  <testcase name="ContactsLinkTest" time="9.922" classname="com.digiCRMTest.autoqa.testcases.UserLandingPageTest"/>
</testsuite> <!-- com.digiCRMTest.autoqa.testcases.UserLandingPageTest -->
