<?xml version="1.0" encoding="UTF-8"?>
<!-- Generated by org.testng.reporters.JUnitReportReporter -->
<testsuite hostname="DESKTOP-K0CLN9C" failures="0" tests="1" name="com.digiCRMTest.autoqa.testcases.PasswordResetPageTest" time="10.325" errors="0" timestamp="10 Jan. 2020 05:21:49 GMT" skipped="0">
  <testcase classname="com.digiCRMTest.autoqa.testcases.PasswordResetPageTest" name="resetPasswordTest" time="10.325"/>
</testsuite> <!-- com.digiCRMTest.autoqa.testcases.PasswordResetPageTest -->
