<?xml version="1.0" encoding="UTF-8"?>
<!-- Generated by org.testng.reporters.JUnitReportReporter -->
<testsuite hostname="DESKTOP-K0CLN9C" failures="0" tests="4" name="com.digiCRMTest.autoqa.testcases.UserLandingPageTest" time="37.866" errors="0" timestamp="10 Jan. 2020 05:21:49 GMT" skipped="0">
  <testcase classname="com.digiCRMTest.autoqa.testcases.UserLandingPageTest" name="userLandingPageTitleTest" time="8.692"/>
  <testcase classname="com.digiCRMTest.autoqa.testcases.UserLandingPageTest" name="ContactsLinkTest" time="10.827"/>
  <testcase classname="com.digiCRMTest.autoqa.testcases.UserLandingPageTest" name="userNameTest" time="8.792"/>
  <testcase classname="com.digiCRMTest.autoqa.testcases.UserLandingPageTest" name="dealLinkTest" time="9.555"/>
</testsuite> <!-- com.digiCRMTest.autoqa.testcases.UserLandingPageTest -->
