<?xml version="1.0" encoding="UTF-8"?>
<!-- Generated by org.testng.reporters.JUnitReportReporter -->
<testsuite hostname="DESKTOP-K0CLN9C" failures="0" tests="2" name="com.digiCRMTest.autoqa.testcases.HomePageTest" time="17.145" errors="0" timestamp="10 Jan. 2020 05:21:49 GMT" skipped="0">
  <testcase classname="com.digiCRMTest.autoqa.testcases.HomePageTest" name="homePageTitleTest" time="6.674"/>
  <testcase classname="com.digiCRMTest.autoqa.testcases.HomePageTest" name="LoginButtonTest" time="10.471"/>
</testsuite> <!-- com.digiCRMTest.autoqa.testcases.HomePageTest -->
