<?xml version="1.0" encoding="UTF-8"?>
<!-- Generated by org.testng.reporters.JUnitReportReporter -->
<testsuite hostname="DESKTOP-K0CLN9C" failures="0" tests="4" name="com.digiCRMTest.autoqa.testcases.ContactsPageTest" time="44.696" errors="0" timestamp="10 Jan. 2020 05:21:49 GMT" skipped="0">
  <testcase classname="com.digiCRMTest.autoqa.testcases.ContactsPageTest" name="contactsPageTitleTest" time="9.060"/>
  <testcase classname="com.digiCRMTest.autoqa.testcases.ContactsPageTest" name="createNewContactTest" time="12.186"/>
  <testcase classname="com.digiCRMTest.autoqa.testcases.ContactsPageTest" name="createNewContactTest" time="12.168"/>
  <testcase classname="com.digiCRMTest.autoqa.testcases.ContactsPageTest" name="createNewContactTest" time="11.282"/>
</testsuite> <!-- com.digiCRMTest.autoqa.testcases.ContactsPageTest -->
